<?xml version="1.0" encoding="UTF-8"?>
<!-- Generated by org.testng.reporters.JUnitXMLReporter -->
<testsuite ignored="2" hostname="DESKTOP-ERB8SG3" failures="0" tests="9" name="Regression" time="108.804" errors="0" timestamp="2023-01-22T10:38:43 EET">
  <testcase classname="testClasses.AddProductTest" name="AddImage" time="18.431"/>
  <testcase classname="testClasses.AddProductTest" name="AddTitle" time="12.492"/>
  <testcase classname="testClasses.AddProductTest" name="AddDescription" time="12.455"/>
  <testcase classname="testClasses.AddProductTest" name="AddPrice" time="15.408"/>
  <testcase classname="testClasses.EditProductTest" name="EditImage" time="15.328"/>
  <testcase classname="testClasses.EditProductTest" name="EditTitle" time="3.229"/>
  <testcase classname="testClasses.EditProductTest" name="EditDescription" time="6.197"/>
  <testcase classname="testClasses.EditProductTest" name="EditPrice" time="6.225"/>
  <testcase classname="testClasses.DeleteProductTest" name="DeleteProduct" time="15.326"/>
  <testcase classname="testClasses.TestBase" name="@BeforeTest StartDriver" time="0.0">
    <ignored/>
  </testcase> <!-- @BeforeTest StartDriver -->
  <testcase classname="testClasses.TestBase" name="@BeforeTest StartDriver" time="0.0">
    <ignored/>
  </testcase> <!-- @BeforeTest StartDriver -->
</testsuite> <!-- Regression -->
